2019-03-18 10:49:04,592 ERROR 10292 [-/127.0.0.1/-/5180ms POST /backend/v1/register] nodejs.SequelizeDatabaseError: Table 'api.users' doesn't exist
    at Query.formatError (C:\Users\Administrator\Documents\Tencent Files\1183927842\FileRecv\seekmosca_api\node_modules\sequelize\lib\dialects\mysql\query.js:247:16)
    at Query.handler [as onResult] (C:\Users\Administrator\Documents\Tencent Files\1183927842\FileRecv\seekmosca_api\node_modules\sequelize\lib\dialects\mysql\query.js:68:23)
    at Query.execute (C:\Users\Administrator\Documents\Tencent Files\1183927842\FileRecv\seekmosca_api\node_modules\mysql2\lib\commands\command.js:30:14)
    at Connection.handlePacket (C:\Users\Administrator\Documents\Tencent Files\1183927842\FileRecv\seekmosca_api\node_modules\mysql2\lib\connection.js:449:32)
    at PacketParser.Connection.packetParser.p [as onPacket] (C:\Users\Administrator\Documents\Tencent Files\1183927842\FileRecv\seekmosca_api\node_modules\mysql2\lib\connection.js:72:12)
    at PacketParser.executeStart (C:\Users\Administrator\Documents\Tencent Files\1183927842\FileRecv\seekmosca_api\node_modules\mysql2\lib\packet_parser.js:75:16)
    at Socket.Connection.stream.on.data (C:\Users\Administrator\Documents\Tencent Files\1183927842\FileRecv\seekmosca_api\node_modules\mysql2\lib\connection.js:79:25)
    at Socket.emit (events.js:182:13)
    at addChunk (_stream_readable.js:283:12)
    at readableAddChunk (_stream_readable.js:264:11)
    at Socket.Readable.push (_stream_readable.js:219:10)
    at TCP.onStreamRead [as onread] (internal/stream_base_commons.js:94:17)
From previous event:
    at Query.run (C:\Users\Administrator\Documents\Tencent Files\1183927842\FileRecv\seekmosca_api\node_modules\sequelize\lib\dialects\mysql\query.js:57:12)
    at Promise.try.then.connection (C:\Users\Administrator\Documents\Tencent Files\1183927842\FileRecv\seekmosca_api\node_modules\sequelize\lib\sequelize.js:558:20)
From previous event:
    at Promise.resolve.retryParameters (C:\Users\Administrator\Documents\Tencent Files\1183927842\FileRecv\seekmosca_api\node_modules\sequelize\lib\sequelize.js:555:8)
    at C:\Users\Administrator\Documents\Tencent Files\1183927842\FileRecv\seekmosca_api\node_modules\retry-as-promised\index.js:39:21
    at retryAsPromised (C:\Users\Administrator\Documents\Tencent Files\1183927842\FileRecv\seekmosca_api\node_modules\retry-as-promised\index.js:29:10)
    at Sequelize.query (C:\Users\Administrator\Documents\Tencent Files\1183927842\FileRecv\seekmosca_api\node_modules\sequelize\lib\sequelize.js:454:28)
    at QueryInterface.select (C:\Users\Administrator\Documents\Tencent Files\1183927842\FileRecv\seekmosca_api\node_modules\sequelize\lib\query-interface.js:1104:27)
    at Promise.try.then.then.then (C:\Users\Administrator\Documents\Tencent Files\1183927842\FileRecv\seekmosca_api\node_modules\sequelize\lib\model.js:1598:34)
    at runCallback (timers.js:705:18)
    at tryOnImmediate (timers.js:676:5)
    at processImmediate (timers.js:658:5)
From previous event:
    at Function.findAll (C:\Users\Administrator\Documents\Tencent Files\1183927842\FileRecv\seekmosca_api\node_modules\sequelize\lib\model.js:1595:8)
    at Function.findOne (C:\Users\Administrator\Documents\Tencent Files\1183927842\FileRecv\seekmosca_api\node_modules\sequelize\lib\model.js:1752:17)
    at UserService.checkUser (C:\Users\Administrator\Documents\Tencent Files\1183927842\FileRecv\seekmosca_api\app\service\user.js:42:38)
    at UserService.create (C:\Users\Administrator\Documents\Tencent Files\1183927842\FileRecv\seekmosca_api\app\service\user.js:64:19)
    at UserController.register (C:\Users\Administrator\Documents\Tencent Files\1183927842\FileRecv\seekmosca_api\app\controller\backend\user.js:13:44)
    at Object.callFn (C:\Users\Administrator\Documents\Tencent Files\1183927842\FileRecv\seekmosca_api\node_modules\egg-core\lib\utils\index.js:44:21)
    at Object.classControllerMiddleware (C:\Users\Administrator\Documents\Tencent Files\1183927842\FileRecv\seekmosca_api\node_modules\egg-core\lib\loader\mixin\controller.js:87:20)
    at Object.callFn (C:\Users\Administrator\Documents\Tencent Files\1183927842\FileRecv\seekmosca_api\node_modules\@eggjs\router\lib\utils.js:12:21)
    at wrappedController (C:\Users\Administrator\Documents\Tencent Files\1183927842\FileRecv\seekmosca_api\node_modules\@eggjs\router\lib\egg_router.js:322:18)
    at dispatch (C:\Users\Administrator\Documents\Tencent Files\1183927842\FileRecv\seekmosca_api\node_modules\@eggjs\router\node_modules\koa-compose\index.js:44:32)
    at next (C:\Users\Administrator\Documents\Tencent Files\1183927842\FileRecv\seekmosca_api\node_modules\@eggjs\router\node_modules\koa-compose\index.js:45:18)
    at C:\Users\Administrator\Documents\Tencent Files\1183927842\FileRecv\seekmosca_api\node_modules\@eggjs\router\lib\router.js:190:18
    at dispatch (C:\Users\Administrator\Documents\Tencent Files\1183927842\FileRecv\seekmosca_api\node_modules\@eggjs\router\node_modules\koa-compose\index.js:44:32)
    at C:\Users\Administrator\Documents\Tencent Files\1183927842\FileRecv\seekmosca_api\node_modules\@eggjs\router\node_modules\koa-compose\index.js:36:12
    at dispatch (C:\Users\Administrator\Documents\Tencent Files\1183927842\FileRecv\seekmosca_api\node_modules\@eggjs\router\lib\router.js:195:33)
    at dispatch (C:\Users\Administrator\Documents\Tencent Files\1183927842\FileRecv\seekmosca_api\node_modules\koa-compose\index.js:42:32)
    at C:\Users\Administrator\Documents\Tencent Files\1183927842\FileRecv\seekmosca_api\node_modules\egg-development\app\middleware\egg_loader_trace.js:9:56
    at dispatch (C:\Users\Administrator\Documents\Tencent Files\1183927842\FileRecv\seekmosca_api\node_modules\koa-compose\index.js:42:32)
    at i18n (C:\Users\Administrator\Documents\Tencent Files\1183927842\FileRecv\seekmosca_api\node_modules\egg-i18n\app\middleware\i18n.js:13:12)
    at dispatch (C:\Users\Administrator\Documents\Tencent Files\1183927842\FileRecv\seekmosca_api\node_modules\koa-compose\index.js:42:32)
    at dispatch (C:\Users\Administrator\Documents\Tencent Files\1183927842\FileRecv\seekmosca_api\node_modules\koa-compose\index.js:42:32)
    at dta (C:\Users\Administrator\Documents\Tencent Files\1183927842\FileRecv\seekmosca_api\node_modules\egg-security\lib\middlewares\dta.js:12:12)
    at dispatch (C:\Users\Administrator\Documents\Tencent Files\1183927842\FileRecv\seekmosca_api\node_modules\koa-compose\index.js:42:32)
    at xframe (C:\Users\Administrator\Documents\Tencent Files\1183927842\FileRecv\seekmosca_api\node_modules\egg-security\lib\middlewares\xframe.js:7:11)
    at dispatch (C:\Users\Administrator\Documents\Tencent Files\1183927842\FileRecv\seekmosca_api\node_modules\koa-compose\index.js:42:32)
name: "SequelizeDatabaseError"
parent: {"code":"ER_NO_SUCH_TABLE","errno":1146,"sqlState":"42S02","sqlMessage":"Table 'api.users' doesn't exist","sql":"SELECT `username`, `phone`, `email` FROM `users` AS `user` WHERE `user`.`username` = 'xuwei123' LIMIT 1;"}
original: {"code":"ER_NO_SUCH_TABLE","errno":1146,"sqlState":"42S02","sqlMessage":"Table 'api.users' doesn't exist","sql":"SELECT `username`, `phone`, `email` FROM `users` AS `user` WHERE `user`.`username` = 'xuwei123' LIMIT 1;"}
sql: "SELECT `username`, `phone`, `email` FROM `users` AS `user` WHERE `user`.`username` = 'xuwei123' LIMIT 1;"
headers: {"Access-Control-Allow-Origin":"*","Access-Control-Allow-Credentials":"true","vary":"Origin"}
pid: 10292
hostname: 20161212-102137

2019-03-18 10:51:08,964 ERROR 10292 [-/127.0.0.1/-/3504ms POST /backend/v1/register] nodejs.SequelizeDatabaseError: Unknown column 'phone' in 'field list'
    at Query.formatError (C:\Users\Administrator\Documents\Tencent Files\1183927842\FileRecv\seekmosca_api\node_modules\sequelize\lib\dialects\mysql\query.js:247:16)
    at Query.handler [as onResult] (C:\Users\Administrator\Documents\Tencent Files\1183927842\FileRecv\seekmosca_api\node_modules\sequelize\lib\dialects\mysql\query.js:68:23)
    at Query.execute (C:\Users\Administrator\Documents\Tencent Files\1183927842\FileRecv\seekmosca_api\node_modules\mysql2\lib\commands\command.js:30:14)
    at Connection.handlePacket (C:\Users\Administrator\Documents\Tencent Files\1183927842\FileRecv\seekmosca_api\node_modules\mysql2\lib\connection.js:449:32)
    at PacketParser.Connection.packetParser.p [as onPacket] (C:\Users\Administrator\Documents\Tencent Files\1183927842\FileRecv\seekmosca_api\node_modules\mysql2\lib\connection.js:72:12)
    at PacketParser.executeStart (C:\Users\Administrator\Documents\Tencent Files\1183927842\FileRecv\seekmosca_api\node_modules\mysql2\lib\packet_parser.js:75:16)
    at Socket.Connection.stream.on.data (C:\Users\Administrator\Documents\Tencent Files\1183927842\FileRecv\seekmosca_api\node_modules\mysql2\lib\connection.js:79:25)
    at Socket.emit (events.js:182:13)
    at addChunk (_stream_readable.js:283:12)
    at readableAddChunk (_stream_readable.js:264:11)
    at Socket.Readable.push (_stream_readable.js:219:10)
    at TCP.onStreamRead [as onread] (internal/stream_base_commons.js:94:17)
From previous event:
    at Query.run (C:\Users\Administrator\Documents\Tencent Files\1183927842\FileRecv\seekmosca_api\node_modules\sequelize\lib\dialects\mysql\query.js:57:12)
    at Promise.try.then.connection (C:\Users\Administrator\Documents\Tencent Files\1183927842\FileRecv\seekmosca_api\node_modules\sequelize\lib\sequelize.js:558:20)
From previous event:
    at Promise.resolve.retryParameters (C:\Users\Administrator\Documents\Tencent Files\1183927842\FileRecv\seekmosca_api\node_modules\sequelize\lib\sequelize.js:555:8)
    at C:\Users\Administrator\Documents\Tencent Files\1183927842\FileRecv\seekmosca_api\node_modules\retry-as-promised\index.js:39:21
    at retryAsPromised (C:\Users\Administrator\Documents\Tencent Files\1183927842\FileRecv\seekmosca_api\node_modules\retry-as-promised\index.js:29:10)
    at Sequelize.query (C:\Users\Administrator\Documents\Tencent Files\1183927842\FileRecv\seekmosca_api\node_modules\sequelize\lib\sequelize.js:454:28)
    at QueryInterface.select (C:\Users\Administrator\Documents\Tencent Files\1183927842\FileRecv\seekmosca_api\node_modules\sequelize\lib\query-interface.js:1104:27)
    at Promise.try.then.then.then (C:\Users\Administrator\Documents\Tencent Files\1183927842\FileRecv\seekmosca_api\node_modules\sequelize\lib\model.js:1598:34)
    at runCallback (timers.js:705:18)
    at tryOnImmediate (timers.js:676:5)
    at processImmediate (timers.js:658:5)
From previous event:
    at Function.findAll (C:\Users\Administrator\Documents\Tencent Files\1183927842\FileRecv\seekmosca_api\node_modules\sequelize\lib\model.js:1595:8)
    at Function.findOne (C:\Users\Administrator\Documents\Tencent Files\1183927842\FileRecv\seekmosca_api\node_modules\sequelize\lib\model.js:1752:17)
    at UserService.checkUser (C:\Users\Administrator\Documents\Tencent Files\1183927842\FileRecv\seekmosca_api\app\service\user.js:42:38)
    at UserService.create (C:\Users\Administrator\Documents\Tencent Files\1183927842\FileRecv\seekmosca_api\app\service\user.js:64:19)
    at UserController.register (C:\Users\Administrator\Documents\Tencent Files\1183927842\FileRecv\seekmosca_api\app\controller\backend\user.js:13:44)
    at Object.callFn (C:\Users\Administrator\Documents\Tencent Files\1183927842\FileRecv\seekmosca_api\node_modules\egg-core\lib\utils\index.js:44:21)
    at Object.classControllerMiddleware (C:\Users\Administrator\Documents\Tencent Files\1183927842\FileRecv\seekmosca_api\node_modules\egg-core\lib\loader\mixin\controller.js:87:20)
    at Object.callFn (C:\Users\Administrator\Documents\Tencent Files\1183927842\FileRecv\seekmosca_api\node_modules\@eggjs\router\lib\utils.js:12:21)
    at wrappedController (C:\Users\Administrator\Documents\Tencent Files\1183927842\FileRecv\seekmosca_api\node_modules\@eggjs\router\lib\egg_router.js:322:18)
    at dispatch (C:\Users\Administrator\Documents\Tencent Files\1183927842\FileRecv\seekmosca_api\node_modules\@eggjs\router\node_modules\koa-compose\index.js:44:32)
    at next (C:\Users\Administrator\Documents\Tencent Files\1183927842\FileRecv\seekmosca_api\node_modules\@eggjs\router\node_modules\koa-compose\index.js:45:18)
    at C:\Users\Administrator\Documents\Tencent Files\1183927842\FileRecv\seekmosca_api\node_modules\@eggjs\router\lib\router.js:190:18
    at dispatch (C:\Users\Administrator\Documents\Tencent Files\1183927842\FileRecv\seekmosca_api\node_modules\@eggjs\router\node_modules\koa-compose\index.js:44:32)
    at C:\Users\Administrator\Documents\Tencent Files\1183927842\FileRecv\seekmosca_api\node_modules\@eggjs\router\node_modules\koa-compose\index.js:36:12
    at dispatch (C:\Users\Administrator\Documents\Tencent Files\1183927842\FileRecv\seekmosca_api\node_modules\@eggjs\router\lib\router.js:195:33)
    at dispatch (C:\Users\Administrator\Documents\Tencent Files\1183927842\FileRecv\seekmosca_api\node_modules\koa-compose\index.js:42:32)
    at C:\Users\Administrator\Documents\Tencent Files\1183927842\FileRecv\seekmosca_api\node_modules\egg-development\app\middleware\egg_loader_trace.js:9:56
    at dispatch (C:\Users\Administrator\Documents\Tencent Files\1183927842\FileRecv\seekmosca_api\node_modules\koa-compose\index.js:42:32)
    at i18n (C:\Users\Administrator\Documents\Tencent Files\1183927842\FileRecv\seekmosca_api\node_modules\egg-i18n\app\middleware\i18n.js:13:12)
    at dispatch (C:\Users\Administrator\Documents\Tencent Files\1183927842\FileRecv\seekmosca_api\node_modules\koa-compose\index.js:42:32)
    at dispatch (C:\Users\Administrator\Documents\Tencent Files\1183927842\FileRecv\seekmosca_api\node_modules\koa-compose\index.js:42:32)
    at dta (C:\Users\Administrator\Documents\Tencent Files\1183927842\FileRecv\seekmosca_api\node_modules\egg-security\lib\middlewares\dta.js:12:12)
    at dispatch (C:\Users\Administrator\Documents\Tencent Files\1183927842\FileRecv\seekmosca_api\node_modules\koa-compose\index.js:42:32)
    at xframe (C:\Users\Administrator\Documents\Tencent Files\1183927842\FileRecv\seekmosca_api\node_modules\egg-security\lib\middlewares\xframe.js:7:11)
    at dispatch (C:\Users\Administrator\Documents\Tencent Files\1183927842\FileRecv\seekmosca_api\node_modules\koa-compose\index.js:42:32)
name: "SequelizeDatabaseError"
parent: {"code":"ER_BAD_FIELD_ERROR","errno":1054,"sqlState":"42S22","sqlMessage":"Unknown column 'phone' in 'field list'","sql":"SELECT `username`, `phone`, `email` FROM `users` AS `user` WHERE `user`.`username` = 'xuwei123' LIMIT 1;"}
original: {"code":"ER_BAD_FIELD_ERROR","errno":1054,"sqlState":"42S22","sqlMessage":"Unknown column 'phone' in 'field list'","sql":"SELECT `username`, `phone`, `email` FROM `users` AS `user` WHERE `user`.`username` = 'xuwei123' LIMIT 1;"}
sql: "SELECT `username`, `phone`, `email` FROM `users` AS `user` WHERE `user`.`username` = 'xuwei123' LIMIT 1;"
headers: {"Access-Control-Allow-Origin":"*","Access-Control-Allow-Credentials":"true","vary":"Origin"}
pid: 10292
hostname: 20161212-102137

2019-03-18 10:51:54,504 ERROR 8708 [-/127.0.0.1/-/64ms POST /backend/v1/register] nodejs.SequelizeDatabaseError: Unknown column 'phone' in 'field list'
    at Query.formatError (C:\Users\Administrator\Documents\Tencent Files\1183927842\FileRecv\seekmosca_api\node_modules\sequelize\lib\dialects\mysql\query.js:247:16)
    at Query.handler [as onResult] (C:\Users\Administrator\Documents\Tencent Files\1183927842\FileRecv\seekmosca_api\node_modules\sequelize\lib\dialects\mysql\query.js:68:23)
    at Query.execute (C:\Users\Administrator\Documents\Tencent Files\1183927842\FileRecv\seekmosca_api\node_modules\mysql2\lib\commands\command.js:30:14)
    at Connection.handlePacket (C:\Users\Administrator\Documents\Tencent Files\1183927842\FileRecv\seekmosca_api\node_modules\mysql2\lib\connection.js:449:32)
    at PacketParser.Connection.packetParser.p [as onPacket] (C:\Users\Administrator\Documents\Tencent Files\1183927842\FileRecv\seekmosca_api\node_modules\mysql2\lib\connection.js:72:12)
    at PacketParser.executeStart (C:\Users\Administrator\Documents\Tencent Files\1183927842\FileRecv\seekmosca_api\node_modules\mysql2\lib\packet_parser.js:75:16)
    at Socket.Connection.stream.on.data (C:\Users\Administrator\Documents\Tencent Files\1183927842\FileRecv\seekmosca_api\node_modules\mysql2\lib\connection.js:79:25)
    at Socket.emit (events.js:182:13)
    at addChunk (_stream_readable.js:283:12)
    at readableAddChunk (_stream_readable.js:264:11)
    at Socket.Readable.push (_stream_readable.js:219:10)
    at TCP.onStreamRead [as onread] (internal/stream_base_commons.js:94:17)
From previous event:
    at Query.run (C:\Users\Administrator\Documents\Tencent Files\1183927842\FileRecv\seekmosca_api\node_modules\sequelize\lib\dialects\mysql\query.js:57:12)
    at Promise.try.then.connection (C:\Users\Administrator\Documents\Tencent Files\1183927842\FileRecv\seekmosca_api\node_modules\sequelize\lib\sequelize.js:558:20)
From previous event:
    at Promise.resolve.retryParameters (C:\Users\Administrator\Documents\Tencent Files\1183927842\FileRecv\seekmosca_api\node_modules\sequelize\lib\sequelize.js:555:8)
    at C:\Users\Administrator\Documents\Tencent Files\1183927842\FileRecv\seekmosca_api\node_modules\retry-as-promised\index.js:39:21
    at retryAsPromised (C:\Users\Administrator\Documents\Tencent Files\1183927842\FileRecv\seekmosca_api\node_modules\retry-as-promised\index.js:29:10)
    at Sequelize.query (C:\Users\Administrator\Documents\Tencent Files\1183927842\FileRecv\seekmosca_api\node_modules\sequelize\lib\sequelize.js:454:28)
    at QueryInterface.select (C:\Users\Administrator\Documents\Tencent Files\1183927842\FileRecv\seekmosca_api\node_modules\sequelize\lib\query-interface.js:1104:27)
    at Promise.try.then.then.then (C:\Users\Administrator\Documents\Tencent Files\1183927842\FileRecv\seekmosca_api\node_modules\sequelize\lib\model.js:1598:34)
    at runCallback (timers.js:705:18)
    at tryOnImmediate (timers.js:676:5)
    at processImmediate (timers.js:658:5)
From previous event:
    at Function.findAll (C:\Users\Administrator\Documents\Tencent Files\1183927842\FileRecv\seekmosca_api\node_modules\sequelize\lib\model.js:1595:8)
    at Function.findOne (C:\Users\Administrator\Documents\Tencent Files\1183927842\FileRecv\seekmosca_api\node_modules\sequelize\lib\model.js:1752:17)
    at UserService.checkUser (C:\Users\Administrator\Documents\Tencent Files\1183927842\FileRecv\seekmosca_api\app\service\user.js:42:38)
    at UserService.create (C:\Users\Administrator\Documents\Tencent Files\1183927842\FileRecv\seekmosca_api\app\service\user.js:64:19)
    at UserController.register (C:\Users\Administrator\Documents\Tencent Files\1183927842\FileRecv\seekmosca_api\app\controller\backend\user.js:13:44)
    at Object.callFn (C:\Users\Administrator\Documents\Tencent Files\1183927842\FileRecv\seekmosca_api\node_modules\egg-core\lib\utils\index.js:44:21)
    at Object.classControllerMiddleware (C:\Users\Administrator\Documents\Tencent Files\1183927842\FileRecv\seekmosca_api\node_modules\egg-core\lib\loader\mixin\controller.js:87:20)
    at Object.callFn (C:\Users\Administrator\Documents\Tencent Files\1183927842\FileRecv\seekmosca_api\node_modules\@eggjs\router\lib\utils.js:12:21)
    at wrappedController (C:\Users\Administrator\Documents\Tencent Files\1183927842\FileRecv\seekmosca_api\node_modules\@eggjs\router\lib\egg_router.js:322:18)
    at dispatch (C:\Users\Administrator\Documents\Tencent Files\1183927842\FileRecv\seekmosca_api\node_modules\@eggjs\router\node_modules\koa-compose\index.js:44:32)
    at next (C:\Users\Administrator\Documents\Tencent Files\1183927842\FileRecv\seekmosca_api\node_modules\@eggjs\router\node_modules\koa-compose\index.js:45:18)
    at C:\Users\Administrator\Documents\Tencent Files\1183927842\FileRecv\seekmosca_api\node_modules\@eggjs\router\lib\router.js:190:18
    at dispatch (C:\Users\Administrator\Documents\Tencent Files\1183927842\FileRecv\seekmosca_api\node_modules\@eggjs\router\node_modules\koa-compose\index.js:44:32)
    at C:\Users\Administrator\Documents\Tencent Files\1183927842\FileRecv\seekmosca_api\node_modules\@eggjs\router\node_modules\koa-compose\index.js:36:12
    at dispatch (C:\Users\Administrator\Documents\Tencent Files\1183927842\FileRecv\seekmosca_api\node_modules\@eggjs\router\lib\router.js:195:33)
    at dispatch (C:\Users\Administrator\Documents\Tencent Files\1183927842\FileRecv\seekmosca_api\node_modules\koa-compose\index.js:42:32)
    at C:\Users\Administrator\Documents\Tencent Files\1183927842\FileRecv\seekmosca_api\node_modules\egg-development\app\middleware\egg_loader_trace.js:9:56
    at dispatch (C:\Users\Administrator\Documents\Tencent Files\1183927842\FileRecv\seekmosca_api\node_modules\koa-compose\index.js:42:32)
    at i18n (C:\Users\Administrator\Documents\Tencent Files\1183927842\FileRecv\seekmosca_api\node_modules\egg-i18n\app\middleware\i18n.js:13:12)
    at dispatch (C:\Users\Administrator\Documents\Tencent Files\1183927842\FileRecv\seekmosca_api\node_modules\koa-compose\index.js:42:32)
    at dispatch (C:\Users\Administrator\Documents\Tencent Files\1183927842\FileRecv\seekmosca_api\node_modules\koa-compose\index.js:42:32)
    at dta (C:\Users\Administrator\Documents\Tencent Files\1183927842\FileRecv\seekmosca_api\node_modules\egg-security\lib\middlewares\dta.js:12:12)
    at dispatch (C:\Users\Administrator\Documents\Tencent Files\1183927842\FileRecv\seekmosca_api\node_modules\koa-compose\index.js:42:32)
    at xframe (C:\Users\Administrator\Documents\Tencent Files\1183927842\FileRecv\seekmosca_api\node_modules\egg-security\lib\middlewares\xframe.js:7:11)
    at dispatch (C:\Users\Administrator\Documents\Tencent Files\1183927842\FileRecv\seekmosca_api\node_modules\koa-compose\index.js:42:32)
name: "SequelizeDatabaseError"
parent: {"code":"ER_BAD_FIELD_ERROR","errno":1054,"sqlState":"42S22","sqlMessage":"Unknown column 'phone' in 'field list'","sql":"SELECT `username`, `phone`, `email` FROM `users` AS `user` WHERE `user`.`username` = 'xuwei123' LIMIT 1;"}
original: {"code":"ER_BAD_FIELD_ERROR","errno":1054,"sqlState":"42S22","sqlMessage":"Unknown column 'phone' in 'field list'","sql":"SELECT `username`, `phone`, `email` FROM `users` AS `user` WHERE `user`.`username` = 'xuwei123' LIMIT 1;"}
sql: "SELECT `username`, `phone`, `email` FROM `users` AS `user` WHERE `user`.`username` = 'xuwei123' LIMIT 1;"
headers: {"Access-Control-Allow-Origin":"*","Access-Control-Allow-Credentials":"true","vary":"Origin"}
pid: 8708
hostname: 20161212-102137

2019-03-18 10:52:35,891 ERROR 8708 [-/127.0.0.1/-/422ms POST /backend/v1/register] nodejs.SequelizeDatabaseError: Unknown column 'id' in 'field list'
    at Query.formatError (C:\Users\Administrator\Documents\Tencent Files\1183927842\FileRecv\seekmosca_api\node_modules\sequelize\lib\dialects\mysql\query.js:247:16)
    at Query.handler [as onResult] (C:\Users\Administrator\Documents\Tencent Files\1183927842\FileRecv\seekmosca_api\node_modules\sequelize\lib\dialects\mysql\query.js:68:23)
    at Query.execute (C:\Users\Administrator\Documents\Tencent Files\1183927842\FileRecv\seekmosca_api\node_modules\mysql2\lib\commands\command.js:30:14)
    at Connection.handlePacket (C:\Users\Administrator\Documents\Tencent Files\1183927842\FileRecv\seekmosca_api\node_modules\mysql2\lib\connection.js:449:32)
    at PacketParser.Connection.packetParser.p [as onPacket] (C:\Users\Administrator\Documents\Tencent Files\1183927842\FileRecv\seekmosca_api\node_modules\mysql2\lib\connection.js:72:12)
    at PacketParser.executeStart (C:\Users\Administrator\Documents\Tencent Files\1183927842\FileRecv\seekmosca_api\node_modules\mysql2\lib\packet_parser.js:75:16)
    at Socket.Connection.stream.on.data (C:\Users\Administrator\Documents\Tencent Files\1183927842\FileRecv\seekmosca_api\node_modules\mysql2\lib\connection.js:79:25)
    at Socket.emit (events.js:182:13)
    at addChunk (_stream_readable.js:283:12)
    at readableAddChunk (_stream_readable.js:264:11)
    at Socket.Readable.push (_stream_readable.js:219:10)
    at TCP.onStreamRead [as onread] (internal/stream_base_commons.js:94:17)
From previous event:
    at Query.run (C:\Users\Administrator\Documents\Tencent Files\1183927842\FileRecv\seekmosca_api\node_modules\sequelize\lib\dialects\mysql\query.js:57:12)
    at Promise.try.then.connection (C:\Users\Administrator\Documents\Tencent Files\1183927842\FileRecv\seekmosca_api\node_modules\sequelize\lib\sequelize.js:558:20)
From previous event:
    at Promise.resolve.retryParameters (C:\Users\Administrator\Documents\Tencent Files\1183927842\FileRecv\seekmosca_api\node_modules\sequelize\lib\sequelize.js:555:8)
    at C:\Users\Administrator\Documents\Tencent Files\1183927842\FileRecv\seekmosca_api\node_modules\retry-as-promised\index.js:39:21
    at retryAsPromised (C:\Users\Administrator\Documents\Tencent Files\1183927842\FileRecv\seekmosca_api\node_modules\retry-as-promised\index.js:29:10)
    at Sequelize.query (C:\Users\Administrator\Documents\Tencent Files\1183927842\FileRecv\seekmosca_api\node_modules\sequelize\lib\sequelize.js:454:28)
    at QueryInterface.insert (C:\Users\Administrator\Documents\Tencent Files\1183927842\FileRecv\seekmosca_api\node_modules\sequelize\lib\query-interface.js:901:27)
    at Promise.try.then.then.then (C:\Users\Administrator\Documents\Tencent Files\1183927842\FileRecv\seekmosca_api\node_modules\sequelize\lib\model.js:3685:53)
    at runCallback (timers.js:705:18)
    at tryOnImmediate (timers.js:676:5)
    at processImmediate (timers.js:658:5)
From previous event:
    at model.save (C:\Users\Administrator\Documents\Tencent Files\1183927842\FileRecv\seekmosca_api\node_modules\sequelize\lib\model.js:3661:8)
    at Function.create (C:\Users\Administrator\Documents\Tencent Files\1183927842\FileRecv\seekmosca_api\node_modules\sequelize\lib\model.js:2023:8)
    at UserService.create (C:\Users\Administrator\Documents\Tencent Files\1183927842\FileRecv\seekmosca_api\app\service\user.js:67:38)
name: "SequelizeDatabaseError"
parent: {"code":"ER_BAD_FIELD_ERROR","errno":1054,"sqlState":"42S22","sqlMessage":"Unknown column 'id' in 'field list'","sql":"INSERT INTO `users` (`id`,`username`,`password`,`phone_verified`,`email_verified`,`is_active`,`role`,`created_at`,`updated_at`) VALUES (DEFAULT,'xuwei123','$2a$10$rWe5uUmvPfq4ipbgMwl0PezMekGytNcQneDF4nyGsA7niegJVlMTe','false','false','true',0,'2019-03-18 02:52:35','2019-03-18 02:52:35');"}
original: {"code":"ER_BAD_FIELD_ERROR","errno":1054,"sqlState":"42S22","sqlMessage":"Unknown column 'id' in 'field list'","sql":"INSERT INTO `users` (`id`,`username`,`password`,`phone_verified`,`email_verified`,`is_active`,`role`,`created_at`,`updated_at`) VALUES (DEFAULT,'xuwei123','$2a$10$rWe5uUmvPfq4ipbgMwl0PezMekGytNcQneDF4nyGsA7niegJVlMTe','false','false','true',0,'2019-03-18 02:52:35','2019-03-18 02:52:35');"}
sql: "INSERT INTO `users` (`id`,`username`,`password`,`phone_verified`,`email_verified`,`is_active`,`role`,`created_at`,`updated_at`) VALUES (DEFAULT,'xuwei123','$2a$10$rWe5uUmvPfq4ipbgMwl0PezMekGytNcQneDF4nyGsA7niegJVlMTe','false','false','true',0,'2019-03-18 02:52:35','2019-03-18 02:52:35');"
headers: {"Access-Control-Allow-Origin":"*","Access-Control-Allow-Credentials":"true","vary":"Origin"}
pid: 8708
hostname: 20161212-102137

2019-03-18 10:54:51,835 ERROR 8708 [-/127.0.0.1/-/293ms POST /backend/v1/register] nodejs.SequelizeDatabaseError: Data too long for column 'password' at row 1
    at Query.formatError (C:\Users\Administrator\Documents\Tencent Files\1183927842\FileRecv\seekmosca_api\node_modules\sequelize\lib\dialects\mysql\query.js:247:16)
    at Query.handler [as onResult] (C:\Users\Administrator\Documents\Tencent Files\1183927842\FileRecv\seekmosca_api\node_modules\sequelize\lib\dialects\mysql\query.js:68:23)
    at Query.execute (C:\Users\Administrator\Documents\Tencent Files\1183927842\FileRecv\seekmosca_api\node_modules\mysql2\lib\commands\command.js:30:14)
    at Connection.handlePacket (C:\Users\Administrator\Documents\Tencent Files\1183927842\FileRecv\seekmosca_api\node_modules\mysql2\lib\connection.js:449:32)
    at PacketParser.Connection.packetParser.p [as onPacket] (C:\Users\Administrator\Documents\Tencent Files\1183927842\FileRecv\seekmosca_api\node_modules\mysql2\lib\connection.js:72:12)
    at PacketParser.executeStart (C:\Users\Administrator\Documents\Tencent Files\1183927842\FileRecv\seekmosca_api\node_modules\mysql2\lib\packet_parser.js:75:16)
    at Socket.Connection.stream.on.data (C:\Users\Administrator\Documents\Tencent Files\1183927842\FileRecv\seekmosca_api\node_modules\mysql2\lib\connection.js:79:25)
    at Socket.emit (events.js:182:13)
    at addChunk (_stream_readable.js:283:12)
    at readableAddChunk (_stream_readable.js:264:11)
    at Socket.Readable.push (_stream_readable.js:219:10)
    at TCP.onStreamRead [as onread] (internal/stream_base_commons.js:94:17)
From previous event:
    at Query.run (C:\Users\Administrator\Documents\Tencent Files\1183927842\FileRecv\seekmosca_api\node_modules\sequelize\lib\dialects\mysql\query.js:57:12)
    at Promise.try.then.connection (C:\Users\Administrator\Documents\Tencent Files\1183927842\FileRecv\seekmosca_api\node_modules\sequelize\lib\sequelize.js:558:20)
From previous event:
    at Promise.resolve.retryParameters (C:\Users\Administrator\Documents\Tencent Files\1183927842\FileRecv\seekmosca_api\node_modules\sequelize\lib\sequelize.js:555:8)
    at C:\Users\Administrator\Documents\Tencent Files\1183927842\FileRecv\seekmosca_api\node_modules\retry-as-promised\index.js:39:21
    at retryAsPromised (C:\Users\Administrator\Documents\Tencent Files\1183927842\FileRecv\seekmosca_api\node_modules\retry-as-promised\index.js:29:10)
    at Sequelize.query (C:\Users\Administrator\Documents\Tencent Files\1183927842\FileRecv\seekmosca_api\node_modules\sequelize\lib\sequelize.js:454:28)
    at QueryInterface.insert (C:\Users\Administrator\Documents\Tencent Files\1183927842\FileRecv\seekmosca_api\node_modules\sequelize\lib\query-interface.js:901:27)
    at Promise.try.then.then.then (C:\Users\Administrator\Documents\Tencent Files\1183927842\FileRecv\seekmosca_api\node_modules\sequelize\lib\model.js:3685:53)
    at runCallback (timers.js:705:18)
    at tryOnImmediate (timers.js:676:5)
    at processImmediate (timers.js:658:5)
From previous event:
    at model.save (C:\Users\Administrator\Documents\Tencent Files\1183927842\FileRecv\seekmosca_api\node_modules\sequelize\lib\model.js:3661:8)
    at Function.create (C:\Users\Administrator\Documents\Tencent Files\1183927842\FileRecv\seekmosca_api\node_modules\sequelize\lib\model.js:2023:8)
    at UserService.create (C:\Users\Administrator\Documents\Tencent Files\1183927842\FileRecv\seekmosca_api\app\service\user.js:67:38)
name: "SequelizeDatabaseError"
parent: {"code":"ER_DATA_TOO_LONG","errno":1406,"sqlState":"22001","sqlMessage":"Data too long for column 'password' at row 1","sql":"INSERT INTO `users` (`id`,`username`,`password`,`phone_verified`,`email_verified`,`is_active`,`role`,`created_at`,`updated_at`) VALUES (DEFAULT,'xuwei123','$2a$10$jn..hFM8LNZDiHf/cmpF7.hu6RVbofGdIo53PS1.NES9WGa6beyWG','false','false','true',0,'2019-03-18 02:54:51','2019-03-18 02:54:51');"}
original: {"code":"ER_DATA_TOO_LONG","errno":1406,"sqlState":"22001","sqlMessage":"Data too long for column 'password' at row 1","sql":"INSERT INTO `users` (`id`,`username`,`password`,`phone_verified`,`email_verified`,`is_active`,`role`,`created_at`,`updated_at`) VALUES (DEFAULT,'xuwei123','$2a$10$jn..hFM8LNZDiHf/cmpF7.hu6RVbofGdIo53PS1.NES9WGa6beyWG','false','false','true',0,'2019-03-18 02:54:51','2019-03-18 02:54:51');"}
sql: "INSERT INTO `users` (`id`,`username`,`password`,`phone_verified`,`email_verified`,`is_active`,`role`,`created_at`,`updated_at`) VALUES (DEFAULT,'xuwei123','$2a$10$jn..hFM8LNZDiHf/cmpF7.hu6RVbofGdIo53PS1.NES9WGa6beyWG','false','false','true',0,'2019-03-18 02:54:51','2019-03-18 02:54:51');"
headers: {"Access-Control-Allow-Origin":"*","Access-Control-Allow-Credentials":"true","vary":"Origin"}
pid: 8708
hostname: 20161212-102137

2019-03-18 10:55:59,214 ERROR 8076 [-/127.0.0.1/-/3985ms POST /backend/v1/register] nodejs.SequelizeDatabaseError: Data too long for column 'password' at row 1
    at Query.formatError (C:\Users\Administrator\Documents\Tencent Files\1183927842\FileRecv\seekmosca_api\node_modules\sequelize\lib\dialects\mysql\query.js:247:16)
    at Query.handler [as onResult] (C:\Users\Administrator\Documents\Tencent Files\1183927842\FileRecv\seekmosca_api\node_modules\sequelize\lib\dialects\mysql\query.js:68:23)
    at Query.execute (C:\Users\Administrator\Documents\Tencent Files\1183927842\FileRecv\seekmosca_api\node_modules\mysql2\lib\commands\command.js:30:14)
    at Connection.handlePacket (C:\Users\Administrator\Documents\Tencent Files\1183927842\FileRecv\seekmosca_api\node_modules\mysql2\lib\connection.js:449:32)
    at PacketParser.Connection.packetParser.p [as onPacket] (C:\Users\Administrator\Documents\Tencent Files\1183927842\FileRecv\seekmosca_api\node_modules\mysql2\lib\connection.js:72:12)
    at PacketParser.executeStart (C:\Users\Administrator\Documents\Tencent Files\1183927842\FileRecv\seekmosca_api\node_modules\mysql2\lib\packet_parser.js:75:16)
    at Socket.Connection.stream.on.data (C:\Users\Administrator\Documents\Tencent Files\1183927842\FileRecv\seekmosca_api\node_modules\mysql2\lib\connection.js:79:25)
    at Socket.emit (events.js:182:13)
    at addChunk (_stream_readable.js:283:12)
    at readableAddChunk (_stream_readable.js:264:11)
    at Socket.Readable.push (_stream_readable.js:219:10)
    at TCP.onStreamRead [as onread] (internal/stream_base_commons.js:94:17)
From previous event:
    at Query.run (C:\Users\Administrator\Documents\Tencent Files\1183927842\FileRecv\seekmosca_api\node_modules\sequelize\lib\dialects\mysql\query.js:57:12)
    at Promise.try.then.connection (C:\Users\Administrator\Documents\Tencent Files\1183927842\FileRecv\seekmosca_api\node_modules\sequelize\lib\sequelize.js:558:20)
From previous event:
    at Promise.resolve.retryParameters (C:\Users\Administrator\Documents\Tencent Files\1183927842\FileRecv\seekmosca_api\node_modules\sequelize\lib\sequelize.js:555:8)
    at C:\Users\Administrator\Documents\Tencent Files\1183927842\FileRecv\seekmosca_api\node_modules\retry-as-promised\index.js:39:21
    at retryAsPromised (C:\Users\Administrator\Documents\Tencent Files\1183927842\FileRecv\seekmosca_api\node_modules\retry-as-promised\index.js:29:10)
    at Sequelize.query (C:\Users\Administrator\Documents\Tencent Files\1183927842\FileRecv\seekmosca_api\node_modules\sequelize\lib\sequelize.js:454:28)
    at QueryInterface.insert (C:\Users\Administrator\Documents\Tencent Files\1183927842\FileRecv\seekmosca_api\node_modules\sequelize\lib\query-interface.js:901:27)
    at Promise.try.then.then.then (C:\Users\Administrator\Documents\Tencent Files\1183927842\FileRecv\seekmosca_api\node_modules\sequelize\lib\model.js:3685:53)
    at runCallback (timers.js:705:18)
    at tryOnImmediate (timers.js:676:5)
    at processImmediate (timers.js:658:5)
From previous event:
    at model.save (C:\Users\Administrator\Documents\Tencent Files\1183927842\FileRecv\seekmosca_api\node_modules\sequelize\lib\model.js:3661:8)
    at Function.create (C:\Users\Administrator\Documents\Tencent Files\1183927842\FileRecv\seekmosca_api\node_modules\sequelize\lib\model.js:2023:8)
    at UserService.create (C:\Users\Administrator\Documents\Tencent Files\1183927842\FileRecv\seekmosca_api\app\service\user.js:67:38)
name: "SequelizeDatabaseError"
parent: {"code":"ER_DATA_TOO_LONG","errno":1406,"sqlState":"22001","sqlMessage":"Data too long for column 'password' at row 1","sql":"INSERT INTO `users` (`id`,`username`,`password`,`phone_verified`,`email_verified`,`is_active`,`role`,`created_at`,`updated_at`) VALUES (DEFAULT,'xuwei123','$2a$10$ipXixsJoeox0XY7tJ4apDuZso8CHt2rqxN3k7iFdhkSE2AaAlfEEK','false','false','true',0,'2019-03-18 02:55:58','2019-03-18 02:55:58');"}
original: {"code":"ER_DATA_TOO_LONG","errno":1406,"sqlState":"22001","sqlMessage":"Data too long for column 'password' at row 1","sql":"INSERT INTO `users` (`id`,`username`,`password`,`phone_verified`,`email_verified`,`is_active`,`role`,`created_at`,`updated_at`) VALUES (DEFAULT,'xuwei123','$2a$10$ipXixsJoeox0XY7tJ4apDuZso8CHt2rqxN3k7iFdhkSE2AaAlfEEK','false','false','true',0,'2019-03-18 02:55:58','2019-03-18 02:55:58');"}
sql: "INSERT INTO `users` (`id`,`username`,`password`,`phone_verified`,`email_verified`,`is_active`,`role`,`created_at`,`updated_at`) VALUES (DEFAULT,'xuwei123','$2a$10$ipXixsJoeox0XY7tJ4apDuZso8CHt2rqxN3k7iFdhkSE2AaAlfEEK','false','false','true',0,'2019-03-18 02:55:58','2019-03-18 02:55:58');"
headers: {"Access-Control-Allow-Origin":"*","Access-Control-Allow-Credentials":"true","vary":"Origin"}
pid: 8076
hostname: 20161212-102137

2019-03-18 11:07:38,153 ERROR 10608 [-/127.0.0.1/-/1730ms POST /backend/v1/register] nodejs.SequelizeDatabaseError: Table 'api.users' doesn't exist
    at Query.formatError (C:\Users\Administrator\Documents\Tencent Files\1183927842\FileRecv\seekmosca_api\node_modules\sequelize\lib\dialects\mysql\query.js:247:16)
    at Query.handler [as onResult] (C:\Users\Administrator\Documents\Tencent Files\1183927842\FileRecv\seekmosca_api\node_modules\sequelize\lib\dialects\mysql\query.js:68:23)
    at Query.execute (C:\Users\Administrator\Documents\Tencent Files\1183927842\FileRecv\seekmosca_api\node_modules\mysql2\lib\commands\command.js:30:14)
    at Connection.handlePacket (C:\Users\Administrator\Documents\Tencent Files\1183927842\FileRecv\seekmosca_api\node_modules\mysql2\lib\connection.js:449:32)
    at PacketParser.Connection.packetParser.p [as onPacket] (C:\Users\Administrator\Documents\Tencent Files\1183927842\FileRecv\seekmosca_api\node_modules\mysql2\lib\connection.js:72:12)
    at PacketParser.executeStart (C:\Users\Administrator\Documents\Tencent Files\1183927842\FileRecv\seekmosca_api\node_modules\mysql2\lib\packet_parser.js:75:16)
    at Socket.Connection.stream.on.data (C:\Users\Administrator\Documents\Tencent Files\1183927842\FileRecv\seekmosca_api\node_modules\mysql2\lib\connection.js:79:25)
    at Socket.emit (events.js:182:13)
    at addChunk (_stream_readable.js:283:12)
    at readableAddChunk (_stream_readable.js:264:11)
    at Socket.Readable.push (_stream_readable.js:219:10)
    at TCP.onStreamRead [as onread] (internal/stream_base_commons.js:94:17)
From previous event:
    at Query.run (C:\Users\Administrator\Documents\Tencent Files\1183927842\FileRecv\seekmosca_api\node_modules\sequelize\lib\dialects\mysql\query.js:57:12)
    at Promise.try.then.connection (C:\Users\Administrator\Documents\Tencent Files\1183927842\FileRecv\seekmosca_api\node_modules\sequelize\lib\sequelize.js:558:20)
From previous event:
    at Promise.resolve.retryParameters (C:\Users\Administrator\Documents\Tencent Files\1183927842\FileRecv\seekmosca_api\node_modules\sequelize\lib\sequelize.js:555:8)
    at C:\Users\Administrator\Documents\Tencent Files\1183927842\FileRecv\seekmosca_api\node_modules\retry-as-promised\index.js:39:21
    at retryAsPromised (C:\Users\Administrator\Documents\Tencent Files\1183927842\FileRecv\seekmosca_api\node_modules\retry-as-promised\index.js:29:10)
    at Sequelize.query (C:\Users\Administrator\Documents\Tencent Files\1183927842\FileRecv\seekmosca_api\node_modules\sequelize\lib\sequelize.js:454:28)
    at QueryInterface.select (C:\Users\Administrator\Documents\Tencent Files\1183927842\FileRecv\seekmosca_api\node_modules\sequelize\lib\query-interface.js:1104:27)
    at Promise.try.then.then.then (C:\Users\Administrator\Documents\Tencent Files\1183927842\FileRecv\seekmosca_api\node_modules\sequelize\lib\model.js:1598:34)
    at runCallback (timers.js:705:18)
    at tryOnImmediate (timers.js:676:5)
    at processImmediate (timers.js:658:5)
From previous event:
    at Function.findAll (C:\Users\Administrator\Documents\Tencent Files\1183927842\FileRecv\seekmosca_api\node_modules\sequelize\lib\model.js:1595:8)
    at Function.findOne (C:\Users\Administrator\Documents\Tencent Files\1183927842\FileRecv\seekmosca_api\node_modules\sequelize\lib\model.js:1752:17)
    at UserService.checkUser (C:\Users\Administrator\Documents\Tencent Files\1183927842\FileRecv\seekmosca_api\app\service\user.js:42:38)
    at UserService.create (C:\Users\Administrator\Documents\Tencent Files\1183927842\FileRecv\seekmosca_api\app\service\user.js:64:19)
    at UserController.register (C:\Users\Administrator\Documents\Tencent Files\1183927842\FileRecv\seekmosca_api\app\controller\backend\user.js:13:44)
    at Object.callFn (C:\Users\Administrator\Documents\Tencent Files\1183927842\FileRecv\seekmosca_api\node_modules\egg-core\lib\utils\index.js:44:21)
    at Object.classControllerMiddleware (C:\Users\Administrator\Documents\Tencent Files\1183927842\FileRecv\seekmosca_api\node_modules\egg-core\lib\loader\mixin\controller.js:87:20)
    at Object.callFn (C:\Users\Administrator\Documents\Tencent Files\1183927842\FileRecv\seekmosca_api\node_modules\@eggjs\router\lib\utils.js:12:21)
    at wrappedController (C:\Users\Administrator\Documents\Tencent Files\1183927842\FileRecv\seekmosca_api\node_modules\@eggjs\router\lib\egg_router.js:322:18)
    at dispatch (C:\Users\Administrator\Documents\Tencent Files\1183927842\FileRecv\seekmosca_api\node_modules\@eggjs\router\node_modules\koa-compose\index.js:44:32)
    at next (C:\Users\Administrator\Documents\Tencent Files\1183927842\FileRecv\seekmosca_api\node_modules\@eggjs\router\node_modules\koa-compose\index.js:45:18)
    at C:\Users\Administrator\Documents\Tencent Files\1183927842\FileRecv\seekmosca_api\node_modules\@eggjs\router\lib\router.js:190:18
    at dispatch (C:\Users\Administrator\Documents\Tencent Files\1183927842\FileRecv\seekmosca_api\node_modules\@eggjs\router\node_modules\koa-compose\index.js:44:32)
    at C:\Users\Administrator\Documents\Tencent Files\1183927842\FileRecv\seekmosca_api\node_modules\@eggjs\router\node_modules\koa-compose\index.js:36:12
    at dispatch (C:\Users\Administrator\Documents\Tencent Files\1183927842\FileRecv\seekmosca_api\node_modules\@eggjs\router\lib\router.js:195:33)
    at dispatch (C:\Users\Administrator\Documents\Tencent Files\1183927842\FileRecv\seekmosca_api\node_modules\koa-compose\index.js:42:32)
    at C:\Users\Administrator\Documents\Tencent Files\1183927842\FileRecv\seekmosca_api\node_modules\egg-development\app\middleware\egg_loader_trace.js:9:56
    at dispatch (C:\Users\Administrator\Documents\Tencent Files\1183927842\FileRecv\seekmosca_api\node_modules\koa-compose\index.js:42:32)
    at i18n (C:\Users\Administrator\Documents\Tencent Files\1183927842\FileRecv\seekmosca_api\node_modules\egg-i18n\app\middleware\i18n.js:13:12)
    at dispatch (C:\Users\Administrator\Documents\Tencent Files\1183927842\FileRecv\seekmosca_api\node_modules\koa-compose\index.js:42:32)
    at dispatch (C:\Users\Administrator\Documents\Tencent Files\1183927842\FileRecv\seekmosca_api\node_modules\koa-compose\index.js:42:32)
    at dta (C:\Users\Administrator\Documents\Tencent Files\1183927842\FileRecv\seekmosca_api\node_modules\egg-security\lib\middlewares\dta.js:12:12)
    at dispatch (C:\Users\Administrator\Documents\Tencent Files\1183927842\FileRecv\seekmosca_api\node_modules\koa-compose\index.js:42:32)
    at xframe (C:\Users\Administrator\Documents\Tencent Files\1183927842\FileRecv\seekmosca_api\node_modules\egg-security\lib\middlewares\xframe.js:7:11)
    at dispatch (C:\Users\Administrator\Documents\Tencent Files\1183927842\FileRecv\seekmosca_api\node_modules\koa-compose\index.js:42:32)
name: "SequelizeDatabaseError"
parent: {"code":"ER_NO_SUCH_TABLE","errno":1146,"sqlState":"42S02","sqlMessage":"Table 'api.users' doesn't exist","sql":"SELECT `username`, `phone`, `email` FROM `users` AS `user` WHERE `user`.`username` = 'xuwei123' LIMIT 1;"}
original: {"code":"ER_NO_SUCH_TABLE","errno":1146,"sqlState":"42S02","sqlMessage":"Table 'api.users' doesn't exist","sql":"SELECT `username`, `phone`, `email` FROM `users` AS `user` WHERE `user`.`username` = 'xuwei123' LIMIT 1;"}
sql: "SELECT `username`, `phone`, `email` FROM `users` AS `user` WHERE `user`.`username` = 'xuwei123' LIMIT 1;"
headers: {"Access-Control-Allow-Origin":"*","Access-Control-Allow-Credentials":"true","vary":"Origin"}
pid: 10608
hostname: 20161212-102137

2019-03-18 11:23:57,408 ERROR 12040 [-/127.0.0.1/-/115ms POST /backend/v1/register] nodejs.SequelizeDatabaseError: Unknown column 'phone' in 'field list'
    at Query.formatError (C:\Users\Administrator\Documents\Tencent Files\1183927842\FileRecv\seekmosca_api\node_modules\sequelize\lib\dialects\mysql\query.js:247:16)
    at Query.handler [as onResult] (C:\Users\Administrator\Documents\Tencent Files\1183927842\FileRecv\seekmosca_api\node_modules\sequelize\lib\dialects\mysql\query.js:68:23)
    at Query.execute (C:\Users\Administrator\Documents\Tencent Files\1183927842\FileRecv\seekmosca_api\node_modules\mysql2\lib\commands\command.js:30:14)
    at Connection.handlePacket (C:\Users\Administrator\Documents\Tencent Files\1183927842\FileRecv\seekmosca_api\node_modules\mysql2\lib\connection.js:449:32)
    at PacketParser.Connection.packetParser.p [as onPacket] (C:\Users\Administrator\Documents\Tencent Files\1183927842\FileRecv\seekmosca_api\node_modules\mysql2\lib\connection.js:72:12)
    at PacketParser.executeStart (C:\Users\Administrator\Documents\Tencent Files\1183927842\FileRecv\seekmosca_api\node_modules\mysql2\lib\packet_parser.js:75:16)
    at Socket.Connection.stream.on.data (C:\Users\Administrator\Documents\Tencent Files\1183927842\FileRecv\seekmosca_api\node_modules\mysql2\lib\connection.js:79:25)
    at Socket.emit (events.js:182:13)
    at addChunk (_stream_readable.js:283:12)
    at readableAddChunk (_stream_readable.js:264:11)
    at Socket.Readable.push (_stream_readable.js:219:10)
    at TCP.onStreamRead [as onread] (internal/stream_base_commons.js:94:17)
From previous event:
    at Query.run (C:\Users\Administrator\Documents\Tencent Files\1183927842\FileRecv\seekmosca_api\node_modules\sequelize\lib\dialects\mysql\query.js:57:12)
    at Promise.try.then.connection (C:\Users\Administrator\Documents\Tencent Files\1183927842\FileRecv\seekmosca_api\node_modules\sequelize\lib\sequelize.js:558:20)
From previous event:
    at Promise.resolve.retryParameters (C:\Users\Administrator\Documents\Tencent Files\1183927842\FileRecv\seekmosca_api\node_modules\sequelize\lib\sequelize.js:555:8)
    at C:\Users\Administrator\Documents\Tencent Files\1183927842\FileRecv\seekmosca_api\node_modules\retry-as-promised\index.js:39:21
    at retryAsPromised (C:\Users\Administrator\Documents\Tencent Files\1183927842\FileRecv\seekmosca_api\node_modules\retry-as-promised\index.js:29:10)
    at Sequelize.query (C:\Users\Administrator\Documents\Tencent Files\1183927842\FileRecv\seekmosca_api\node_modules\sequelize\lib\sequelize.js:454:28)
    at QueryInterface.select (C:\Users\Administrator\Documents\Tencent Files\1183927842\FileRecv\seekmosca_api\node_modules\sequelize\lib\query-interface.js:1104:27)
    at Promise.try.then.then.then (C:\Users\Administrator\Documents\Tencent Files\1183927842\FileRecv\seekmosca_api\node_modules\sequelize\lib\model.js:1598:34)
    at runCallback (timers.js:705:18)
    at tryOnImmediate (timers.js:676:5)
    at processImmediate (timers.js:658:5)
From previous event:
    at Function.findAll (C:\Users\Administrator\Documents\Tencent Files\1183927842\FileRecv\seekmosca_api\node_modules\sequelize\lib\model.js:1595:8)
    at Function.findOne (C:\Users\Administrator\Documents\Tencent Files\1183927842\FileRecv\seekmosca_api\node_modules\sequelize\lib\model.js:1752:17)
    at UserService.checkUser (C:\Users\Administrator\Documents\Tencent Files\1183927842\FileRecv\seekmosca_api\app\service\user.js:42:38)
    at UserService.create (C:\Users\Administrator\Documents\Tencent Files\1183927842\FileRecv\seekmosca_api\app\service\user.js:64:19)
    at UserController.register (C:\Users\Administrator\Documents\Tencent Files\1183927842\FileRecv\seekmosca_api\app\controller\backend\user.js:13:44)
    at Object.callFn (C:\Users\Administrator\Documents\Tencent Files\1183927842\FileRecv\seekmosca_api\node_modules\egg-core\lib\utils\index.js:44:21)
    at Object.classControllerMiddleware (C:\Users\Administrator\Documents\Tencent Files\1183927842\FileRecv\seekmosca_api\node_modules\egg-core\lib\loader\mixin\controller.js:87:20)
    at Object.callFn (C:\Users\Administrator\Documents\Tencent Files\1183927842\FileRecv\seekmosca_api\node_modules\@eggjs\router\lib\utils.js:12:21)
    at wrappedController (C:\Users\Administrator\Documents\Tencent Files\1183927842\FileRecv\seekmosca_api\node_modules\@eggjs\router\lib\egg_router.js:322:18)
    at dispatch (C:\Users\Administrator\Documents\Tencent Files\1183927842\FileRecv\seekmosca_api\node_modules\@eggjs\router\node_modules\koa-compose\index.js:44:32)
    at next (C:\Users\Administrator\Documents\Tencent Files\1183927842\FileRecv\seekmosca_api\node_modules\@eggjs\router\node_modules\koa-compose\index.js:45:18)
    at C:\Users\Administrator\Documents\Tencent Files\1183927842\FileRecv\seekmosca_api\node_modules\@eggjs\router\lib\router.js:190:18
    at dispatch (C:\Users\Administrator\Documents\Tencent Files\1183927842\FileRecv\seekmosca_api\node_modules\@eggjs\router\node_modules\koa-compose\index.js:44:32)
    at C:\Users\Administrator\Documents\Tencent Files\1183927842\FileRecv\seekmosca_api\node_modules\@eggjs\router\node_modules\koa-compose\index.js:36:12
    at dispatch (C:\Users\Administrator\Documents\Tencent Files\1183927842\FileRecv\seekmosca_api\node_modules\@eggjs\router\lib\router.js:195:33)
    at dispatch (C:\Users\Administrator\Documents\Tencent Files\1183927842\FileRecv\seekmosca_api\node_modules\koa-compose\index.js:42:32)
    at C:\Users\Administrator\Documents\Tencent Files\1183927842\FileRecv\seekmosca_api\node_modules\egg-development\app\middleware\egg_loader_trace.js:9:56
    at dispatch (C:\Users\Administrator\Documents\Tencent Files\1183927842\FileRecv\seekmosca_api\node_modules\koa-compose\index.js:42:32)
    at i18n (C:\Users\Administrator\Documents\Tencent Files\1183927842\FileRecv\seekmosca_api\node_modules\egg-i18n\app\middleware\i18n.js:13:12)
    at dispatch (C:\Users\Administrator\Documents\Tencent Files\1183927842\FileRecv\seekmosca_api\node_modules\koa-compose\index.js:42:32)
    at dispatch (C:\Users\Administrator\Documents\Tencent Files\1183927842\FileRecv\seekmosca_api\node_modules\koa-compose\index.js:42:32)
    at dta (C:\Users\Administrator\Documents\Tencent Files\1183927842\FileRecv\seekmosca_api\node_modules\egg-security\lib\middlewares\dta.js:12:12)
    at dispatch (C:\Users\Administrator\Documents\Tencent Files\1183927842\FileRecv\seekmosca_api\node_modules\koa-compose\index.js:42:32)
    at xframe (C:\Users\Administrator\Documents\Tencent Files\1183927842\FileRecv\seekmosca_api\node_modules\egg-security\lib\middlewares\xframe.js:7:11)
    at dispatch (C:\Users\Administrator\Documents\Tencent Files\1183927842\FileRecv\seekmosca_api\node_modules\koa-compose\index.js:42:32)
name: "SequelizeDatabaseError"
parent: {"code":"ER_BAD_FIELD_ERROR","errno":1054,"sqlState":"42S22","sqlMessage":"Unknown column 'phone' in 'field list'","sql":"SELECT `username`, `phone`, `email` FROM `users` AS `user` WHERE `user`.`username` = 'xuwei123' LIMIT 1;"}
original: {"code":"ER_BAD_FIELD_ERROR","errno":1054,"sqlState":"42S22","sqlMessage":"Unknown column 'phone' in 'field list'","sql":"SELECT `username`, `phone`, `email` FROM `users` AS `user` WHERE `user`.`username` = 'xuwei123' LIMIT 1;"}
sql: "SELECT `username`, `phone`, `email` FROM `users` AS `user` WHERE `user`.`username` = 'xuwei123' LIMIT 1;"
headers: {"Access-Control-Allow-Origin":"*","Access-Control-Allow-Credentials":"true","vary":"Origin"}
pid: 12040
hostname: 20161212-102137

